<?xml version="1.0" encoding="UTF-8"?>
<!-- Generated by org.testng.reporters.JUnitXMLReporter -->
<testsuite ignored="0" hostname="DESKTOP-OOIL3UH" failures="0" tests="2" name="BankingApp Test" time="76.544" errors="0" timestamp="29 May 2022 06:35:54 GMT">
  <testcase classname="com.inetbanking.testCases.TC_LoginTest_001" name="loginTest" time="5.728"/>
  <testcase classname="com.inetbanking.testCases.TC_AddCustomerTest_003" name="addNewCustomer" time="45.211"/>
</testsuite> <!-- BankingApp Test -->
